#Start(1651426131697)

  Warning number 21
  /Users/personal/code/open-source/rescript-drawer/src/Drawer/Drawer.res:28:12-64

  26 ┆ 
  27 ┆ React.useEffect0(() => {
  28 ┆   helpers["setCssVar"]("--rs-drawer-primary", backgroundColor)
  29 ┆ 
  30 ┆   let mouseUpCb = (e: ReactEvent.Mouse.t) =>

  this statement never returns (or has an unsound type.)


  Warning number 21
  /Users/personal/code/open-source/rescript-drawer/src/Drawer/Drawer.res:33:11-52

  31 ┆   clickOff(ReactEvent.Mouse.target(e)->myShadyConversion)
  32 ┆ let resizeCb = () => setOpen(_ => false)
  33 ┆ window["addEventListener"]("mouseup", mouseUpCb)
  34 ┆ window["addEventListener"]("resize", resizeCb)
  35 ┆ 

  this statement never returns (or has an unsound type.)


  Warning number 21
  /Users/personal/code/open-source/rescript-drawer/src/Drawer/Drawer.res:34:11-50

  32 ┆ let resizeCb = () => setOpen(_ => false)
  33 ┆ window["addEventListener"]("mouseup", mouseUpCb)
  34 ┆ window["addEventListener"]("resize", resizeCb)
  35 ┆ 
  36 ┆ Some(

  this statement never returns (or has an unsound type.)


  Warning number 21
  /Users/personal/code/open-source/rescript-drawer/src/Drawer/Drawer.res:38:15-59

  36 ┆ Some(
  37 ┆   () => {
  38 ┆     window["removeEventListener"]("mouseup", mouseUpCb)
  39 ┆     window["removeEventListener"]("resize", resizeCb)
  40 ┆     ()

  this statement never returns (or has an unsound type.)


  Warning number 21
  /Users/personal/code/open-source/rescript-drawer/src/Drawer/Drawer.res:39:15-57

  37 ┆ () => {
  38 ┆   window["removeEventListener"]("mouseup", mouseUpCb)
  39 ┆   window["removeEventListener"]("resize", resizeCb)
  40 ┆   ()
  41 ┆ },

  this statement never returns (or has an unsound type.)

#Done(1651426131790)
